<?xml version="1.0" encoding="UTF-8"?>
<testsuite xmlns:xsi="http://www.w3.org/2001/XMLSchema-instance" xsi:schemaLocation="https://maven.apache.org/surefire/maven-surefire-plugin/xsd/surefire-test-report.xsd" name="TestSuite" time="48.024" tests="2" errors="0" skipped="0" failures="1">
  <properties>
    <property name="JOB_NAME" value="PageObjectModelProject"/>
    <property name="java.vendor" value="Oracle Corporation"/>
    <property name="sun.java.launcher" value="SUN_STANDARD"/>
    <property name="NUMBER_OF_PROCESSORS" value="4"/>
    <property name="sun.management.compiler" value="HotSpot 64-Bit Tiered Compilers"/>
    <property name="JENKINS_HOME" value="C:\Users\mamaa\.jenkins"/>
    <property name="HUDSON_SERVER_COOKIE" value="c8e51e29a4df831c"/>
    <property name="AXIS_HOME" value="C:\Users\mamaa\Desktop\Revati\Webservices Lectures\axis2-1.6.2\axis2-1.6.2"/>
    <property name="POM_ARTIFACTID" value="PageObjectModelBasics"/>
    <property name="os.name" value="Windows 10"/>
    <property name="EXECUTOR_NUMBER" value="0"/>
    <property name="sun.desktop" value="windows"/>
    <property name="PATHEXT" value=".COM;.EXE;.BAT;.CMD;.VBS;.VBE;.JS;.JSE;.WSF;.WSH;.MSC"/>
    <property name="POM_DISPLAYNAME" value="PageObjectModelBasics"/>
    <property name="java.vm.specification.vendor" value="Oracle Corporation"/>
    <property name="TEMP" value="C:\Users\mamaa\AppData\Local\Temp"/>
    <property name="NODE_LABELS" value="master"/>
    <property name="java.runtime.version" value="11.0.6+8-LTS"/>
    <property name="user.name" value="mamaa"/>
    <property name="guice.disable.misplaced.annotation.check" value="true"/>
    <property name="CommonProgramW6432" value="C:\Program Files\Common Files"/>
    <property name="ProgramFiles" value="C:\Program Files"/>
    <property name="PROMPT" value="$P$G"/>
    <property name="user.language" value="en"/>
    <property name="JOB_BASE_NAME" value="PageObjectModelProject"/>
    <property name="RUN_CHANGES_DISPLAY_URL" value="http://localhost:8080/job/PageObjectModelProject/6/display/redirect?page=changes"/>
    <property name="BUILD_DISPLAY_NAME" value="#6"/>
    <property name="OneDrive" value="C:\Users\mamaa\OneDrive"/>
    <property name="sun.boot.library.path" value="C:\Program Files\Java\jdk-11.0.6\bin"/>
    <property name="java.vm.compressedOopsMode" value="32-bit"/>
    <property name="LOCALAPPDATA" value="C:\Users\mamaa\AppData\Local"/>
    <property name="java.version" value="11.0.6"/>
    <property name="user.timezone" value="America/New_York"/>
    <property name="PROCESSOR_LEVEL" value="6"/>
    <property name="USERNAME" value="mamaa"/>
    <property name="sun.arch.data.model" value="64"/>
    <property name="NODE_NAME" value="master"/>
    <property name="BUILD_ID" value="6"/>
    <property name="sun.cpu.isalist" value="amd64"/>
    <property name="sun.jnu.encoding" value="Cp1252"/>
    <property name="maven.conf" value="C:\Users\mamaa\Desktop\Revati\apache-maven-3.6.3\conf"/>
    <property name="HOMEDRIVE" value="C:"/>
    <property name="file.separator" value="\"/>
    <property name="java.specification.name" value="Java Platform API Specification"/>
    <property name="java.class.version" value="55.0"/>
    <property name="MVN_HOME" value="C:\Users\mamaa\Desktop\Revati\apache-maven-3.6.3"/>
    <property name="=::" value="::\"/>
    <property name="org.slf4j.simpleLogger.defaultLogLevel" value="info"/>
    <property name="user.country" value="GB"/>
    <property name="ALLUSERSPROFILE" value="C:\ProgramData"/>
    <property name="java.home" value="C:\Program Files\Java\jdk-11.0.6"/>
    <property name="java.vm.info" value="mixed mode"/>
    <property name="os.version" value="10.0"/>
    <property name="RUN_DISPLAY_URL" value="http://localhost:8080/job/PageObjectModelProject/6/display/redirect"/>
    <property name="POM_VERSION" value="0.0.1-SNAPSHOT"/>
    <property name="TMP" value="C:\Users\mamaa\AppData\Local\Temp"/>
    <property name="path.separator" value=";"/>
    <property name="java.vm.version" value="11.0.6+8-LTS"/>
    <property name="user.variant" value=""/>
    <property name="CommonProgramFiles(x86)" value="C:\Program Files (x86)\Common Files"/>
    <property name="JOB_DISPLAY_URL" value="http://localhost:8080/job/PageObjectModelProject/display/redirect"/>
    <property name="USERDOMAIN_ROAMINGPROFILE" value="DESKTOP-AJD82PS"/>
    <property name="java.awt.printerjob" value="sun.awt.windows.WPrinterJob"/>
    <property name="CommonProgramFiles" value="C:\Program Files\Common Files"/>
    <property name="sun.io.unicode.encoding" value="UnicodeLittle"/>
    <property name="JAVA_HOME" value="C:\Program Files\Java\jdk-11.0.6"/>
    <property name="ComSpec" value="C:\WINDOWS\system32\cmd.exe"/>
    <property name="HOMEPATH" value="\Users\mamaa"/>
    <property name="awt.toolkit" value="sun.awt.windows.WToolkit"/>
    <property name="POM_PACKAGING" value="jar"/>
    <property name="COMPUTERNAME" value="DESKTOP-AJD82PS"/>
    <property name="user.script" value=""/>
    <property name="POM_GROUPID" value="page.object"/>
    <property name="user.home" value="C:\Users\mamaa"/>
    <property name="PUBLIC" value="C:\Users\Public"/>
    <property name="BUILD_TAG" value="jenkins-PageObjectModelProject-6"/>
    <property name="JENKINS_SERVER_COOKIE" value="c8e51e29a4df831c"/>
    <property name="HUDSON_URL" value="http://localhost:8080/"/>
    <property name="ProgramData" value="C:\ProgramData"/>
    <property name="java.version.date" value="2020-01-14"/>
    <property name="java.specification.vendor" value="Oracle Corporation"/>
    <property name="USERPROFILE" value="C:\Users\mamaa"/>
    <property name="CLASSPATH" value=""/>
    <property name="java.library.path" value="C:\Program Files\Java\jdk-11.0.6\bin;C:\WINDOWS\Sun\Java\bin;C:\WINDOWS\system32;C:\WINDOWS;C:\Users\mamaa\Desktop\Revati\apache-maven-3.6.3/bin;C:\Program Files\Java\jdk-11.0.6/bin;C:\Program Files\Java\jdk-11.0.6/bin;c:\Rtools\bin;c:\Rtools\mingw_32\bin;C:\WINDOWS\system32;C:\WINDOWS;C:\WINDOWS\System32\Wbem;C:\WINDOWS\System32\WindowsPowerShell\v1.0\;C:\WINDOWS\System32\OpenSSH\;C:\Program Files\Java\jdk-11.0.6\bin;C:\Users\mamaa\Desktop\Revati\apache-maven-3.6.3\bin;C:\Users\mamaa\Desktop\Revati\Webservices Lectures\axis2-1.6.2\axis2-1.6.2\bin;C:\Program Files\MySQL\MySQL Shell 8.0\bin\;C:\Users\mamaa\AppData\Local\Microsoft\WindowsApps;C:\Users\mamaa\AppData\Local\GitHubDesktop\bin;C:\Users\mamaa\AppData\Local\Microsoft\WindowsApps;."/>
    <property name="java.vendor.url" value="http://java.oracle.com/"/>
    <property name="java.vm.vendor" value="Oracle Corporation"/>
    <property name="APPDATA" value="C:\Users\mamaa\AppData\Roaming"/>
    <property name="java.runtime.name" value="Java(TM) SE Runtime Environment"/>
    <property name="maven.home" value="C:\Users\mamaa\Desktop\Revati\apache-maven-3.6.3"/>
    <property name="java.class.path" value="C:\Users\mamaa\.jenkins\plugins\maven-plugin\WEB-INF\lib\maven35-agent-1.13.jar;C:\Users\mamaa\Desktop\Revati\apache-maven-3.6.3\boot\plexus-classworlds-2.6.0.jar;C:\Users\mamaa\Desktop\Revati\apache-maven-3.6.3/conf/logging"/>
    <property name="sun.java.command" value="jenkins.maven3.agent.Maven35Main C:\Users\mamaa\Desktop\Revati\apache-maven-3.6.3 C:\Users\mamaa\.jenkins\war\WEB-INF\lib\remoting-3.36.jar C:\Users\mamaa\.jenkins\plugins\maven-plugin\WEB-INF\lib\maven35-interceptor-1.13.jar C:\Users\mamaa\.jenkins\plugins\maven-plugin\WEB-INF\lib\maven3-interceptor-commons-1.13.jar 57732"/>
    <property name="Path" value="C:\Program Files\Java\jdk-11.0.6/bin;c:\Rtools\bin;c:\Rtools\mingw_32\bin;C:\WINDOWS\system32;C:\WINDOWS;C:\WINDOWS\System32\Wbem;C:\WINDOWS\System32\WindowsPowerShell\v1.0\;C:\WINDOWS\System32\OpenSSH\;C:\Program Files\Java\jdk-11.0.6\bin;C:\Users\mamaa\Desktop\Revati\apache-maven-3.6.3\bin;C:\Users\mamaa\Desktop\Revati\Webservices Lectures\axis2-1.6.2\axis2-1.6.2\bin;C:\Program Files\MySQL\MySQL Shell 8.0\bin\;C:\Users\mamaa\AppData\Local\Microsoft\WindowsApps;C:\Users\mamaa\AppData\Local\GitHubDesktop\bin;C:\Users\mamaa\AppData\Local\Microsoft\WindowsApps"/>
    <property name="jdk.debug" value="release"/>
    <property name="PROCESSOR_ARCHITECTURE" value="AMD64"/>
    <property name="java.vm.specification.name" value="Java Virtual Machine Specification"/>
    <property name="PATH+JDK" value="C:\Program Files\Java\jdk-11.0.6/bin"/>
    <property name="PROCESSOR_IDENTIFIER" value="Intel64 Family 6 Model 58 Stepping 9, GenuineIntel"/>
    <property name="java.vm.specification.version" value="11"/>
    <property name="M2_HOME" value="C:\Users\mamaa\Desktop\Revati\apache-maven-3.6.3"/>
    <property name="sun.cpu.endian" value="little"/>
    <property name="sun.os.patch.level" value=""/>
    <property name="OS" value="Windows_NT"/>
    <property name="java.io.tmpdir" value="C:\Users\mamaa\AppData\Local\Temp\"/>
    <property name="HUDSON_HOME" value="C:\Users\mamaa\.jenkins"/>
    <property name="PATH+MAVEN" value="C:\Users\mamaa\Desktop\Revati\apache-maven-3.6.3/bin"/>
    <property name="ProgramFiles(x86)" value="C:\Program Files (x86)"/>
    <property name="java.vendor.url.bug" value="http://bugreport.java.com/bugreport/"/>
    <property name="BUILD_URL" value="http://localhost:8080/job/PageObjectModelProject/6/"/>
    <property name="SystemRoot" value="C:\WINDOWS"/>
    <property name="os.arch" value="amd64"/>
    <property name="java.awt.graphicsenv" value="sun.awt.Win32GraphicsEnvironment"/>
    <property name="user.dir" value="C:\Users\mamaa\GitWebdriverMaven\PageObjectModelBasics"/>
    <property name="JOB_URL" value="http://localhost:8080/job/PageObjectModelProject/"/>
    <property name="browser" value="chrome"/>
    <property name="LOGONSERVER" value="\\DESKTOP-AJD82PS"/>
    <property name="USERDOMAIN" value="DESKTOP-AJD82PS"/>
    <property name="MAVEN_HOME" value="C:\Users\mamaa\Desktop\Revati\apache-maven-3.6.3"/>
    <property name="line.separator" value="&#10;"/>
    <property name="java.vm.name" value="Java HotSpot(TM) 64-Bit Server VM"/>
    <property name="BUILD_NUMBER" value="6"/>
    <property name="PROCESSOR_REVISION" value="3a09"/>
    <property name="JENKINS_URL" value="http://localhost:8080/"/>
    <property name="ProgramW6432" value="C:\Program Files"/>
    <property name="windir" value="C:\WINDOWS"/>
    <property name="=C:" value="C:\"/>
    <property name="file.encoding" value="Cp1252"/>
    <property name="SystemDrive" value="C:"/>
    <property name="maven3.interceptor" value="C:\Users\mamaa\.jenkins\plugins\maven-plugin\WEB-INF\lib\maven35-interceptor-1.13.jar"/>
    <property name="WORKSPACE" value="C:\Users\mamaa\.jenkins\workspace\PageObjectModelProject"/>
    <property name="maven3.interceptor.common" value="C:\Users\mamaa\.jenkins\plugins\maven-plugin\WEB-INF\lib\maven3-interceptor-commons-1.13.jar"/>
    <property name="PSModulePath" value="%ProgramFiles%\WindowsPowerShell\Modules;C:\WINDOWS\system32\WindowsPowerShell\v1.0\Modules"/>
    <property name="java.specification.version" value="11"/>
    <property name="DriverData" value="C:\Windows\System32\Drivers\DriverData"/>
    <property name="java.vendor.version" value="18.9"/>
  </properties>
  <testcase name="loginTest" classname="page.object.testcases.TC_01_LoginTest" time="3.869"/>
  <testcase name="createAccountTest" classname="page.object.testcases.TC_02_CreateAccountTest" time="14.733">
    <failure message="Create account test failed" type="junit.framework.AssertionFailedError">junit.framework.AssertionFailedError: Create account test failed
	at page.object.testcases.TC_02_CreateAccountTest.createAccountTest(TC_02_CreateAccountTest.java:25)
</failure>
    <system-out><![CDATA[2
]]></system-out>
    <system-err><![CDATA[[1583960823.070][SEVERE]: Timed out receiving message from renderer: 0.100
[1583960823.953][SEVERE]: Timed out receiving message from renderer: 0.100
[1583960824.054][SEVERE]: Timed out receiving message from renderer: 0.100
[1583960824.319][SEVERE]: Timed out receiving message from renderer: 0.100
[1583960824.424][SEVERE]: Timed out receiving message from renderer: 0.100
[1583960824.631][SEVERE]: Timed out receiving message from renderer: 0.100
[1583960824.732][SEVERE]: Timed out receiving message from renderer: 0.100
[1583960824.834][SEVERE]: Timed out receiving message from renderer: 0.100
[1583960824.994][SEVERE]: Timed out receiving message from renderer: 0.100
[1583960825.096][SEVERE]: Timed out receiving message from renderer: 0.100
[1583960825.198][SEVERE]: Timed out receiving message from renderer: 0.100
[1583960825.411][SEVERE]: Timed out receiving message from renderer: 0.100
[1583960825.512][SEVERE]: Timed out receiving message from renderer: 0.100
[1583960825.613][SEVERE]: Timed out receiving message from renderer: 0.100
[1583960825.714][SEVERE]: Timed out receiving message from renderer: 0.100
[1583960826.987][SEVERE]: Timed out receiving message from renderer: 0.100
[1583960827.091][SEVERE]: Timed out receiving message from renderer: 0.100
[1583960827.192][SEVERE]: Timed out receiving message from renderer: 0.100
[1583960827.303][SEVERE]: Timed out receiving message from renderer: 0.100
[1583960827.412][SEVERE]: Timed out receiving message from renderer: 0.100
[1583960827.527][SEVERE]: Timed out receiving message from renderer: 0.100
[1583960827.665][SEVERE]: Timed out receiving message from renderer: 0.100
[1583960827.804][SEVERE]: Timed out receiving message from renderer: 0.100
[1583960828.102][SEVERE]: Timed out receiving message from renderer: 0.100
[1583960828.209][SEVERE]: Timed out receiving message from renderer: 0.100
[1583960828.312][SEVERE]: Timed out receiving message from renderer: 0.100
[1583960828.413][SEVERE]: Timed out receiving message from renderer: 0.100
[1583960828.517][SEVERE]: Timed out receiving message from renderer: 0.100
[1583960828.620][SEVERE]: Timed out receiving message from renderer: 0.100
[1583960828.745][SEVERE]: Timed out receiving message from renderer: 0.100
[1583960828.878][SEVERE]: Timed out receiving message from renderer: 0.100
[1583960828.983][SEVERE]: Timed out receiving message from renderer: 0.100
[1583960829.094][SEVERE]: Timed out receiving message from renderer: 0.100
[1583960829.206][SEVERE]: Timed out receiving message from renderer: 0.100
[1583960829.326][SEVERE]: Timed out receiving message from renderer: 0.100
[1583960829.436][SEVERE]: Timed out receiving message from renderer: 0.100
[1583960829.540][SEVERE]: Timed out receiving message from renderer: 0.100
[1583960829.644][SEVERE]: Timed out receiving message from renderer: 0.100
[1583960829.746][SEVERE]: Timed out receiving message from renderer: 0.100
[1583960829.898][SEVERE]: Timed out receiving message from renderer: 0.100
[1583960830.001][SEVERE]: Timed out receiving message from renderer: 0.100
[1583960830.104][SEVERE]: Timed out receiving message from renderer: 0.100
[1583960830.212][SEVERE]: Timed out receiving message from renderer: 0.100
[1583960830.313][SEVERE]: Timed out receiving message from renderer: 0.100
[1583960830.416][SEVERE]: Timed out receiving message from renderer: 0.100
[1583960830.553][SEVERE]: Timed out receiving message from renderer: 0.100
[1583960830.654][SEVERE]: Timed out receiving message from renderer: 0.100
[1583960830.766][SEVERE]: Timed out receiving message from renderer: 0.100
[1583960832.370][SEVERE]: Timed out receiving message from renderer: 0.100
[1583960833.236][SEVERE]: Timed out receiving message from renderer: 0.100
]]></system-err>
  </testcase>
</testsuite>