<?xml version="1.0" encoding="UTF-8"?>
<!-- Generated by org.testng.reporters.JUnitReportReporter -->
<testsuite hostname="DESKTOP-AJD82PS" failures="0" tests="1" name="page.object.testcases.TC_01_LoginTest" time="3.143" errors="0" timestamp="2020-03-11T15:01:44 GMT-04:00" skipped="0">
  <testcase classname="page.object.testcases.TC_01_LoginTest" name="loginTest" time="3.143"/>
</testsuite> <!-- page.object.testcases.TC_01_LoginTest -->
