<?xml version="1.0" encoding="UTF-8"?>
<!-- Generated by org.testng.reporters.JUnitReportReporter -->
<testsuite skipped="0" hostname="DESKTOP-02HBG3H" name="page.object.testcases.TC_01_LoginTest" tests="1" failures="0" timestamp="2020-05-27T19:23:51 EDT" time="1.619" errors="0">
  <testcase name="loginTest" time="1.619" classname="page.object.testcases.TC_01_LoginTest"/>
  <system-out/>
</testsuite> <!-- page.object.testcases.TC_01_LoginTest -->
